0 info it worked if it ends with ok
1 verbose cli [ 'C:\\Program Files\\nodejs\\node.exe',
1 verbose cli   'C:\\Users\\diepnguyenv\\AppData\\Roaming\\npm\\node_modules\\npm\\bin\\npm-cli.js',
1 verbose cli   'run',
1 verbose cli   'start' ]
2 info using npm@3.8.9
3 info using node@v8.9.1
4 verbose run-script [ 'prestart', 'start', 'poststart' ]
5 info lifecycle home-app@0.0.1~prestart: home-app@0.0.1
6 silly lifecycle home-app@0.0.1~prestart: no script for prestart, continuing
7 info lifecycle home-app@0.0.1~start: home-app@0.0.1
8 verbose lifecycle home-app@0.0.1~start: unsafe-perm in lifecycle true
9 verbose lifecycle home-app@0.0.1~start: PATH: C:\Users\diepnguyenv\AppData\Roaming\npm\node_modules\npm\bin\node-gyp-bin;C:\Users\diepnguyenv\Desktop\home-web\home-app\server\node_modules\.bin;C:\Program Files\nodejs;C:\Program Files\Docker\Docker\Resources\bin;C:\ProgramData\Oracle\Java\javapath;C:\WINDOWS\system32;C:\WINDOWS;C:\WINDOWS\System32\Wbem;C:\WINDOWS\System32\WindowsPowerShell\v1.0\;C:\Program Files (x86)\GtkSharp\2.12\bin;C:\Program Files\Microsoft\Web Platform Installer\;C:\Program Files\TortoiseGit\bin;C:\Program Files (x86)\MySQL\MySQL Fabric 1.5 & MySQL Utilities 1.5\;C:\Program Files (x86)\MySQL\MySQL Fabric 1.5 & MySQL Utilities 1.5\Doctrine extensions for PHP\;C:\Program Files (x86)\Microsoft SQL Server\Client SDK\ODBC\110\Tools\Binn\;C:\Program Files\Microsoft SQL Server\130\Tools\Binn\;C:\Program Files (x86)\Microsoft SQL Server\130\Tools\Binn\;C:\Program Files\MySQL\MySQL Server 5.7\bin;C:\Program Files (x86)\erl7.2.1-new\bin;C:\Users\diepnguyenv\AppData\Local\Android\sdk\platform-tools;C:\Users\diepnguyenv\AppData\Local\Android\sdk\tools;C:\Program Files\MongoDB\Server\3.0\bin;C:\apps\buildsln;%PROGX86%\MSBuild\14.0\Bin;C:\Program Files (x86)\Skype\Phone\;C:\Program Files\dotnet\;C:\Program Files (x86)\Microsoft Emulator Manager\1.0\;C:\Program Files (x86)\Yarn\bin;C:\Program Files (x86)\PuTTY\;C:\apps\buildsln;C:\apps\bin;C:\Program Files\nodejs\;C:\Program Files\Microsoft SQL Server\Client SDK\ODBC\130\Tools\Binn\;C:\Program Files\Microsoft SQL Server\130\DTS\Binn\;C:\Program Files (x86)\Microsoft SQL Server\Client SDK\ODBC\130\Tools\Binn\;C:\Program Files (x86)\Microsoft SQL Server\140\Tools\Binn\;C:\Program Files (x86)\Microsoft SQL Server\140\DTS\Binn\;C:\Program Files (x86)\Microsoft SQL Server\140\Tools\Binn\ManagementStudio\;%AppDataLocal%\Programs\Python\Python36;C:\opencv\build\x64\vc14\bin;C:\Program Files\Git\cmd;C:\Users\diepnguyenv\AppData\Local\Programs\Python\Python36\Scripts\;C:\Users\diepnguyenv\AppData\Local\Programs\Python\Python36\;C:\Users\diepnguyenv\AppData\Local\Microsoft\WindowsApps;C:\Program Files (x86)\Heroku\bin;C:\Users\diepnguyenv\AppData\Local\Yarn\.bin;C:\Users\diepnguyenv\AppData\Local\Programs\Fiddler;C:\Program Files\Microsoft VS Code\bin;C:\Users\diepnguyenv\AppData\Roaming\npm
10 verbose lifecycle home-app@0.0.1~start: CWD: C:\Users\diepnguyenv\Desktop\home-web\home-app\server
11 silly lifecycle home-app@0.0.1~start: Args: [ '/d /s /c',
11 silly lifecycle   'nodemon node_modules/babel-cli/bin/babel-node ./src/app.js --inspect --watch ./src/app' ]
12 silly lifecycle home-app@0.0.1~start: Returned: code: 1  signal: null
13 info lifecycle home-app@0.0.1~start: Failed to exec start script
14 verbose stack Error: home-app@0.0.1 start: `nodemon node_modules/babel-cli/bin/babel-node ./src/app.js --inspect --watch ./src/app`
14 verbose stack Exit status 1
14 verbose stack     at EventEmitter.<anonymous> (C:\Users\diepnguyenv\AppData\Roaming\npm\node_modules\npm\lib\utils\lifecycle.js:245:16)
14 verbose stack     at emitTwo (events.js:126:13)
14 verbose stack     at EventEmitter.emit (events.js:214:7)
14 verbose stack     at ChildProcess.<anonymous> (C:\Users\diepnguyenv\AppData\Roaming\npm\node_modules\npm\lib\utils\spawn.js:24:14)
14 verbose stack     at emitTwo (events.js:126:13)
14 verbose stack     at ChildProcess.emit (events.js:214:7)
14 verbose stack     at maybeClose (internal/child_process.js:925:16)
14 verbose stack     at Process.ChildProcess._handle.onexit (internal/child_process.js:209:5)
15 verbose pkgid home-app@0.0.1
16 verbose cwd C:\Users\diepnguyenv\Desktop\home-web\home-app\server
17 error Windows_NT 10.0.14393
18 error argv "C:\\Program Files\\nodejs\\node.exe" "C:\\Users\\diepnguyenv\\AppData\\Roaming\\npm\\node_modules\\npm\\bin\\npm-cli.js" "run" "start"
19 error node v8.9.1
20 error npm  v3.8.9
21 error code ELIFECYCLE
22 error home-app@0.0.1 start: `nodemon node_modules/babel-cli/bin/babel-node ./src/app.js --inspect --watch ./src/app`
22 error Exit status 1
23 error Failed at the home-app@0.0.1 start script 'nodemon node_modules/babel-cli/bin/babel-node ./src/app.js --inspect --watch ./src/app'.
23 error Make sure you have the latest version of node.js and npm installed.
23 error If you do, this is most likely a problem with the home-app package,
23 error not with npm itself.
23 error Tell the author that this fails on your system:
23 error     nodemon node_modules/babel-cli/bin/babel-node ./src/app.js --inspect --watch ./src/app
23 error You can get information on how to open an issue for this project with:
23 error     npm bugs home-app
23 error Or if that isn't available, you can get their info via:
23 error     npm owner ls home-app
23 error There is likely additional logging output above.
24 verbose exit [ 1, true ]
